TN:
SF:/Users/sherazarshad/Documents/Clients/iFunded/security-token-version-2/contracts/access/iEstate/PlatformProviderRbac.sol
FN:20,constructor
FN:27,onlyLevel1
FN:36,onlyLevel2
FN:45,getAppIdentifier
FN:54,addToLevel1
FN:63,addToLevel2
FN:72,removeFromLevel1
FN:81,removeFromLevel2
FN:90,isLevel1
FN:99,isLevel2
FNF:10
FNH:8
FNDA:2,constructor
FNDA:0,onlyLevel1
FNDA:0,onlyLevel2
FNDA:1,getAppIdentifier
FNDA:6,addToLevel1
FNDA:7,addToLevel2
FNDA:1,removeFromLevel1
FNDA:1,removeFromLevel2
FNDA:33,isLevel1
FNDA:2,isLevel2
DA:28,0
DA:29,0
DA:37,0
DA:38,0
DA:46,1
DA:55,6
DA:64,7
DA:73,1
DA:82,1
DA:91,33
DA:100,2
LF:11
LH:7
BRDA:28,1,0,0
BRDA:28,1,1,0
BRDA:37,2,0,0
BRDA:37,2,1,0
BRF:4
BRH:0
end_of_record
TN:
SF:/Users/sherazarshad/Documents/Clients/iFunded/security-token-version-2/contracts/access/ReentrancyGuard.sol
FN:13,constructor
FN:26,nonReentrant
FNF:2
FNH:2
FNDA:2,constructor
FNDA:52,nonReentrant
DA:16,2
DA:27,52
DA:28,52
DA:29,52
DA:30,24
LF:5
LH:5
BRDA:30,1,0,24
BRDA:30,1,1,0
BRF:2
BRH:1
end_of_record
TN:
SF:/Users/sherazarshad/Documents/Clients/iFunded/security-token-version-2/contracts/access/RoleBasedAccessControl.sol
FN:26,constructor
FN:32,onlySecurityOperator
FN:44,isSecurityOperator
FN:54,addOperator
FN:67,removeOperator
FN:80,isMemberOf
FN:93,addToRole
FN:107,removeFromRole
FNF:8
FNH:8
FNDA:2,constructor
FNDA:38,onlySecurityOperator
FNDA:48,isSecurityOperator
FNDA:7,addOperator
FNDA:1,removeOperator
FNDA:77,isMemberOf
FNDA:13,addToRole
FNDA:2,removeFromRole
DA:33,38
DA:35,30
DA:45,48
DA:55,7
DA:56,7
DA:57,7
DA:58,7
DA:68,1
DA:69,1
DA:70,1
DA:71,1
DA:81,77
DA:82,77
DA:83,77
DA:84,77
DA:94,13
DA:95,13
DA:96,13
DA:97,13
DA:98,13
DA:108,2
DA:109,2
DA:110,2
DA:111,2
DA:112,2
LF:25
LH:25
BRDA:33,1,0,30
BRDA:33,1,1,8
BRDA:55,2,0,7
BRDA:55,2,1,0
BRDA:56,3,0,7
BRDA:56,3,1,0
BRDA:68,4,0,1
BRDA:68,4,1,0
BRDA:69,5,0,1
BRDA:69,5,1,0
BRDA:81,6,0,77
BRDA:81,6,1,0
BRDA:82,7,0,77
BRDA:82,7,1,0
BRDA:83,8,0,77
BRDA:83,8,1,0
BRDA:94,9,0,13
BRDA:94,9,1,0
BRDA:95,10,0,13
BRDA:95,10,1,0
BRDA:96,11,0,13
BRDA:96,11,1,0
BRDA:97,12,0,13
BRDA:97,12,1,0
BRDA:108,13,0,2
BRDA:108,13,1,0
BRDA:109,14,0,2
BRDA:109,14,1,0
BRDA:110,15,0,2
BRDA:110,15,1,0
BRDA:111,16,0,2
BRDA:111,16,1,0
BRF:32
BRH:17
end_of_record
TN:
SF:/Users/sherazarshad/Documents/Clients/iFunded/security-token-version-2/contracts/ERC/ERC1400/ERC1400.sol
FN:33,constructor
FN:51,transfer
FN:68,transferFrom
FN:82,approve
FN:96,issue
FN:112,transferFromWithData
FN:122,transferWithData
FN:134,redeem
FN:143,redeemFrom
FN:153,allowance
FN:163,isIssuable
FN:175,canTransferFrom
FN:192,canTransfer
FN:205,name
FN:213,symbol
FN:221,decimals
FN:232,_transferFromWithData
FNF:17
FNH:15
FNDA:2,constructor
FNDA:1,transfer
FNDA:1,transferFrom
FNDA:1,approve
FNDA:1,issue
FNDA:1,transferFromWithData
FNDA:1,transferWithData
FNDA:0,redeem
FNDA:0,redeemFrom
FNDA:2,allowance
FNDA:1,isIssuable
FNDA:1,canTransferFrom
FNDA:1,canTransfer
FNDA:1,name
FNDA:1,symbol
FNDA:1,decimals
FNDA:2,_transferFromWithData
DA:41,2
DA:42,2
DA:43,2
DA:53,1
DA:56,1
DA:57,1
DA:69,1
DA:83,1
DA:85,1
DA:86,1
DA:87,1
DA:99,1
DA:102,1
DA:113,1
DA:123,1
DA:126,1
DA:135,0
DA:144,0
DA:154,2
DA:164,1
DA:177,1
DA:178,1
DA:179,1
DA:180,1
DA:181,1
DA:182,1
DA:193,1
DA:194,1
DA:195,1
DA:196,1
DA:197,1
DA:198,1
DA:206,1
DA:214,1
DA:222,1
DA:233,2
DA:234,2
DA:237,2
DA:239,2
DA:242,2
DA:244,2
LF:41
LH:39
BRDA:83,1,0,1
BRDA:83,1,1,0
BRDA:233,2,0,2
BRDA:233,2,1,0
BRF:4
BRH:2
end_of_record
TN:
SF:/Users/sherazarshad/Documents/Clients/iFunded/security-token-version-2/contracts/ERC/ERC1410/ERC1410.sol
FN:101,constructor
FN:114,onlyController
FN:120,onlyIfControllable
FN:126,onlyIfIssuanceEnabled
FN:132,onlyIfNotPaused
FN:141,validOperatorAddressOnly
FN:149,finalizeControllable
FN:161,authorizeOperator
FN:170,revokeOperator
FN:180,authorizeOperatorByPartition
FN:192,revokeOperatorByPartition
FN:205,issueByPartition
FN:216,redeemByPartition
FN:228,transferByPartition
FN:243,operatorTransferByPartition
FN:263,operatorRedeemByPartition
FN:287,controllerTransfer
FN:317,controllerRedeem
FN:344,isControllable
FN:353,balanceOf
FN:363,balanceOfByPartition
FN:375,partitionsOf
FN:386,totalSupply
FN:396,isOperator
FN:407,isOperatorForPartition
FN:424,canTransferByPartition
FN:433,isController
FN:440,pause
FN:450,unPause
FN:461,isPaused
FN:502,_isIssuable
FN:506,bytes32ToString
FN:527,toUpper
FN:546,_issueByPartition
FN:565,_isValidPartition
FN:591,_transferByPartition
FN:630,_redeemByPartition
FN:671,_operatorTransferByPartition
FN:694,_operatorRedeemByPartition
FN:720,_canTransferByPartition
FN:754,isSafeAddress
FN:772,_isControllable
FN:780,_isController
FN:787,_freezeMinting
FN:792,_runBasicValidations
FN:819,requireValidTransfer
FN:830,_deletePartitionForHolder
FNF:47
FNH:44
FNDA:2,constructor
FNDA:5,onlyController
FNDA:16,onlyIfControllable
FNDA:40,onlyIfIssuanceEnabled
FNDA:66,onlyIfNotPaused
FNDA:5,validOperatorAddressOnly
FNDA:1,finalizeControllable
FNDA:1,authorizeOperator
FNDA:1,revokeOperator
FNDA:2,authorizeOperatorByPartition
FNDA:1,revokeOperatorByPartition
FNDA:19,issueByPartition
FNDA:9,redeemByPartition
FNDA:13,transferByPartition
FNDA:6,operatorTransferByPartition
FNDA:5,operatorRedeemByPartition
FNDA:5,controllerTransfer
FNDA:0,controllerRedeem
FNDA:2,isControllable
FNDA:13,balanceOf
FNDA:11,balanceOfByPartition
FNDA:10,partitionsOf
FNDA:5,totalSupply
FNDA:8,isOperator
FNDA:8,isOperatorForPartition
FNDA:4,canTransferByPartition
FNDA:0,isController
FNDA:2,pause
FNDA:3,unPause
FNDA:3,isPaused
FNDA:41,_isIssuable
FNDA:22,bytes32ToString
FNDA:2,toUpper
FNDA:20,_issueByPartition
FNDA:37,_isValidPartition
FNDA:22,_transferByPartition
FNDA:10,_redeemByPartition
FNDA:6,_operatorTransferByPartition
FNDA:5,_operatorRedeemByPartition
FNDA:28,_canTransferByPartition
FNDA:165,isSafeAddress
FNDA:36,_isControllable
FNDA:18,_isController
FNDA:0,_freezeMinting
FNDA:28,_runBasicValidations
FNDA:22,requireValidTransfer
FNDA:1,_deletePartitionForHolder
DA:105,2
DA:106,2
DA:107,2
DA:108,2
DA:110,2
DA:115,5
DA:116,5
DA:117,5
DA:121,16
DA:122,6
DA:127,40
DA:128,40
DA:133,66
DA:134,64
DA:142,5
DA:143,5
DA:151,1
DA:154,1
DA:162,1
DA:163,1
DA:171,1
DA:172,1
DA:182,2
DA:183,2
DA:194,1
DA:195,1
DA:207,19
DA:217,9
DA:230,13
DA:252,6
DA:270,5
DA:297,5
DA:298,5
DA:301,1
DA:325,0
DA:327,0
DA:330,0
DA:345,2
DA:354,13
DA:364,11
DA:365,11
DA:367,0
DA:376,10
DA:377,10
DA:378,14
DA:380,10
DA:387,5
DA:397,8
DA:409,8
DA:426,4
DA:434,0
DA:441,2
DA:442,2
DA:443,2
DA:444,2
DA:451,3
DA:452,1
DA:453,1
DA:454,1
DA:462,3
DA:503,41
DA:507,22
DA:508,22
DA:509,22
DA:510,704
DA:511,704
DA:512,298
DA:513,298
DA:516,22
DA:517,22
DA:518,298
DA:520,22
DA:528,2
DA:529,2
DA:530,6
DA:531,6
DA:532,0
DA:534,6
DA:536,2
DA:548,20
DA:549,18
DA:550,16
DA:551,14
DA:553,12
DA:554,12
DA:555,11
DA:556,11
DA:558,1
DA:560,12
DA:561,12
DA:562,12
DA:566,37
DA:567,37
DA:568,5
DA:570,32
DA:603,22
DA:605,12
DA:606,12
DA:607,12
DA:610,12
DA:611,12
DA:612,12
DA:613,10
DA:616,10
DA:618,10
DA:639,10
DA:640,10
DA:641,2
DA:642,2
DA:644,2
DA:645,2
DA:648,2
DA:649,2
DA:651,2
DA:652,1
DA:654,1
DA:656,2
DA:657,2
DA:658,2
DA:675,6
DA:676,6
DA:677,6
DA:681,2
DA:683,2
DA:698,5
DA:699,1
DA:705,1
DA:722,28
DA:723,28
DA:724,28
DA:725,28
DA:727,28
DA:728,12
DA:731,16
DA:734,14
DA:738,14
DA:740,14
DA:741,0
DA:746,16
DA:755,165
DA:773,36
DA:781,18
DA:788,0
DA:789,0
DA:795,28
DA:796,28
DA:798,24
DA:799,5
DA:801,19
DA:802,3
DA:804,16
DA:805,0
DA:808,16
DA:821,22
DA:822,22
DA:823,22
DA:824,22
DA:825,22
DA:827,22
DA:831,1
DA:832,0
DA:833,0
DA:835,1
DA:836,1
LF:164
LH:152
BRDA:105,1,0,2
BRDA:105,1,1,0
BRDA:106,2,0,2
BRDA:106,2,1,0
BRDA:107,3,0,2
BRDA:107,3,1,0
BRDA:115,4,0,5
BRDA:115,4,1,0
BRDA:116,5,0,5
BRDA:116,5,1,0
BRDA:121,6,0,6
BRDA:121,6,1,10
BRDA:127,7,0,40
BRDA:127,7,1,0
BRDA:133,8,0,64
BRDA:133,8,1,2
BRDA:142,9,0,5
BRDA:142,9,1,0
BRDA:364,10,0,11
BRDA:364,10,1,0
BRDA:441,11,0,2
BRDA:441,11,1,0
BRDA:442,12,0,2
BRDA:442,12,1,0
BRDA:451,13,0,1
BRDA:451,13,1,2
BRDA:452,14,0,1
BRDA:452,14,1,0
BRDA:511,15,0,298
BRDA:511,15,1,406
BRDA:531,16,0,0
BRDA:531,16,1,6
BRDA:548,17,0,18
BRDA:548,17,1,2
BRDA:549,18,0,16
BRDA:549,18,1,2
BRDA:550,19,0,14
BRDA:550,19,1,2
BRDA:551,20,0,12
BRDA:551,20,1,2
BRDA:554,21,0,11
BRDA:554,21,1,1
BRDA:566,22,0,0
BRDA:566,22,1,37
BRDA:567,23,0,5
BRDA:567,23,1,32
BRDA:605,24,0,12
BRDA:605,24,1,0
BRDA:639,25,0,10
BRDA:639,25,1,0
BRDA:640,26,0,2
BRDA:640,26,1,8
BRDA:641,27,0,2
BRDA:641,27,1,0
BRDA:642,28,0,2
BRDA:642,28,1,0
BRDA:644,29,0,2
BRDA:644,29,1,0
BRDA:645,30,0,2
BRDA:645,30,1,0
BRDA:649,31,0,2
BRDA:649,31,1,0
BRDA:651,32,0,1
BRDA:651,32,1,1
BRDA:675,33,0,6
BRDA:675,33,1,0
BRDA:676,34,0,6
BRDA:676,34,1,0
BRDA:677,35,0,2
BRDA:677,35,1,4
BRDA:698,36,0,1
BRDA:698,36,1,4
BRDA:699,37,0,1
BRDA:699,37,1,0
BRDA:727,38,0,12
BRDA:727,38,1,16
BRDA:731,39,0,14
BRDA:731,39,1,2
BRDA:734,40,0,0
BRDA:734,40,1,14
BRDA:740,41,0,0
BRDA:740,41,1,14
BRDA:788,42,0,0
BRDA:788,42,1,0
BRDA:795,43,0,0
BRDA:795,43,1,28
BRDA:796,44,0,4
BRDA:796,44,1,24
BRDA:798,45,0,5
BRDA:798,45,1,19
BRDA:801,46,0,3
BRDA:801,46,1,16
BRDA:804,47,0,0
BRDA:804,47,1,16
BRDA:827,48,0,12
BRDA:827,48,1,10
BRDA:831,49,0,0
BRDA:831,49,1,1
BRF:98
BRH:68
end_of_record
TN:
SF:/Users/sherazarshad/Documents/Clients/iFunded/security-token-version-2/contracts/ERC/ERC1410/IERC1410.sol
FNF:0
FNH:0
LF:0
LH:0
BRF:0
BRH:0
end_of_record
TN:
SF:/Users/sherazarshad/Documents/Clients/iFunded/security-token-version-2/contracts/ERC/ERC1594/IERC1594.sol
FNF:0
FNH:0
LF:0
LH:0
BRF:0
BRH:0
end_of_record
TN:
SF:/Users/sherazarshad/Documents/Clients/iFunded/security-token-version-2/contracts/ERC/ERC1643/ERC1643.sol
FN:30,constructor
FN:41,setDocument
FN:57,removeDocument
FN:76,getDocument
FN:88,getAllDocuments
FNF:5
FNH:5
FNDA:2,constructor
FNDA:7,setDocument
FNDA:5,removeDocument
FNDA:3,getDocument
FNDA:8,getAllDocuments
DA:42,7
DA:43,5
DA:44,5
DA:45,4
DA:46,4
DA:48,5
DA:49,5
DA:58,5
DA:59,3
DA:60,3
DA:61,1
DA:62,1
DA:64,3
DA:65,3
DA:66,3
DA:77,3
DA:89,8
LF:17
LH:17
BRDA:42,1,0,5
BRDA:42,1,1,2
BRDA:43,2,0,5
BRDA:43,2,1,0
BRDA:44,3,0,4
BRDA:44,3,1,1
BRDA:58,4,0,3
BRDA:58,4,1,2
BRDA:60,5,0,1
BRDA:60,5,1,2
BRF:10
BRH:9
end_of_record
TN:
SF:/Users/sherazarshad/Documents/Clients/iFunded/security-token-version-2/contracts/ERC/ERC1643/IERC1643.sol
FNF:0
FNH:0
LF:0
LH:0
BRF:0
BRH:0
end_of_record
TN:
SF:/Users/sherazarshad/Documents/Clients/iFunded/security-token-version-2/contracts/ERC/ERC1644/IERC1644.sol
FNF:0
FNH:0
LF:0
LH:0
BRF:0
BRH:0
end_of_record
TN:
SF:/Users/sherazarshad/Documents/Clients/iFunded/security-token-version-2/contracts/ERC/ERC20/IERC20.sol
FNF:0
FNH:0
LF:0
LH:0
BRF:0
BRH:0
end_of_record
TN:
SF:/Users/sherazarshad/Documents/Clients/iFunded/security-token-version-2/contracts/math/KindMath.sol
FN:13,checkMul
FN:31,checkSub
FN:41,checkAdd
FNF:3
FNH:2
FNDA:0,checkMul
FNDA:16,checkSub
FNDA:16,checkAdd
DA:17,0
DA:18,0
DA:21,0
DA:22,0
DA:23,0
DA:25,0
DA:32,16
DA:33,16
DA:35,0
DA:42,16
DA:43,16
DA:44,0
DA:46,16
LF:13
LH:5
BRDA:17,1,0,0
BRDA:17,1,1,0
BRDA:22,2,0,0
BRDA:22,2,1,0
BRDA:32,3,0,16
BRDA:32,3,1,0
BRDA:43,4,0,0
BRDA:43,4,1,16
BRF:8
BRH:2
end_of_record
TN:
SF:/Users/sherazarshad/Documents/Clients/iFunded/security-token-version-2/contracts/math/SafeMath.sol
FN:11,mul
FN:28,div
FN:40,sub
FN:50,add
FN:61,mod
FNF:5
FNH:2
FNDA:0,mul
FNDA:0,div
FNDA:31,sub
FNDA:45,add
FNDA:0,mod
DA:15,0
DA:16,0
DA:19,0
DA:20,0
DA:22,0
DA:30,0
DA:31,0
DA:34,0
DA:41,31
DA:42,31
DA:44,31
DA:51,45
DA:52,45
DA:54,45
DA:62,0
DA:63,0
LF:16
LH:6
BRDA:15,1,0,0
BRDA:15,1,1,0
BRDA:20,2,0,0
BRDA:20,2,1,0
BRDA:30,3,0,0
BRDA:30,3,1,0
BRDA:41,4,0,31
BRDA:41,4,1,0
BRDA:52,5,0,45
BRDA:52,5,1,0
BRDA:62,6,0,0
BRDA:62,6,1,0
BRF:12
BRH:2
end_of_record
TN:
SF:/Users/sherazarshad/Documents/Clients/iFunded/security-token-version-2/contracts/ownership/OwnableNonTransferable.sol
FN:15,constructor
FN:23,owner
FN:30,onlyContractOwner
FN:38,onlyOwner
FN:46,isOwner
FNF:5
FNH:5
FNDA:6,constructor
FNDA:1,owner
FNDA:12,onlyContractOwner
FNDA:17,onlyOwner
FNDA:30,isOwner
DA:16,6
DA:17,6
DA:24,1
DA:31,12
DA:32,8
DA:39,17
DA:40,13
DA:47,30
LF:8
LH:8
BRDA:16,1,0,6
BRDA:16,1,1,0
BRDA:31,2,0,8
BRDA:31,2,1,4
BRDA:39,3,0,13
BRDA:39,3,1,4
BRF:6
BRH:5
end_of_record
TN:
SF:/Users/sherazarshad/Documents/Clients/iFunded/security-token-version-2/contracts/SecurityToken.sol
FN:27,constructor
FN:44,canPause
FN:53,canIssue
FN:62,canRedeem
FN:71,canFreezeMinting
FN:90,_validateTokenTransfer
FNF:6
FNH:6
FNDA:2,constructor
FNDA:7,canPause
FNDA:15,canIssue
FNDA:3,canRedeem
FNDA:1,canFreezeMinting
FNDA:14,_validateTokenTransfer
DA:36,2
DA:45,7
DA:54,15
DA:63,3
DA:72,1
DA:94,14
DA:95,0
DA:99,14
DA:100,0
DA:103,14
LF:10
LH:8
BRDA:94,1,0,0
BRDA:94,1,1,14
BRDA:99,2,0,0
BRDA:99,2,1,14
BRF:4
BRH:2
end_of_record
TN:
SF:/Users/sherazarshad/Documents/Clients/iFunded/security-token-version-2/contracts/whitelists/FungibleWhitelist.sol
FN:26,constructor
FN:34,onlyWhitelistOperator
FN:50,addVerified
FN:70,removeVerified
FN:90,updateVerified
FN:114,addVerifiedAsBulk
FN:139,hasHash
FN:154,isWhitelisted
FNF:8
FNH:8
FNDA:2,constructor
FNDA:29,onlyWhitelistOperator
FNDA:22,addVerified
FNDA:1,removeVerified
FNDA:1,updateVerified
FNDA:1,addVerifiedAsBulk
FNDA:12,hasHash
FNDA:30,isWhitelisted
DA:35,29
DA:37,25
DA:53,22
DA:54,22
DA:55,22
DA:57,20
DA:58,20
DA:72,1
DA:74,1
DA:75,1
DA:76,1
DA:93,1
DA:94,1
DA:96,1
DA:97,1
DA:99,1
DA:100,1
DA:101,1
DA:116,1
DA:118,1
DA:119,10
DA:141,12
DA:142,0
DA:144,12
DA:155,30
LF:25
LH:24
BRDA:35,1,0,25
BRDA:35,1,1,4
BRDA:53,2,0,22
BRDA:53,2,1,0
BRDA:54,3,0,22
BRDA:54,3,1,0
BRDA:55,4,0,20
BRDA:55,4,1,2
BRDA:72,5,0,1
BRDA:72,5,1,0
BRDA:74,6,0,1
BRDA:74,6,1,0
BRDA:93,7,0,1
BRDA:93,7,1,0
BRDA:94,8,0,1
BRDA:94,8,1,0
BRDA:97,9,0,1
BRDA:97,9,1,0
BRDA:99,10,0,1
BRDA:99,10,1,0
BRDA:116,11,0,1
BRDA:116,11,1,0
BRDA:141,12,0,0
BRDA:141,12,1,12
BRF:24
BRH:14
end_of_record
TN:
SF:/Users/sherazarshad/Documents/Clients/iFunded/security-token-version-2/contracts/whitelists/iEstate/DefaultSecurityTokenWhitelist.sol
FN:20,constructor
FN:30,isWhitelistOperator
FN:40,isMemberOf
FNF:3
FNH:3
FNDA:2,constructor
FNDA:31,isWhitelistOperator
FNDA:27,isMemberOf
DA:21,2
DA:31,31
DA:41,27
LF:3
LH:3
BRF:0
BRH:0
end_of_record
TN:
SF:/Users/sherazarshad/Documents/Clients/iFunded/security-token-version-2/contracts/whitelists/IFungibleWhitelist.sol
FNF:0
FNH:0
LF:0
LH:0
BRF:0
BRH:0
end_of_record
